0 info it worked if it ends with ok
1 verbose cli [ '/usr/bin/nodejs',
1 verbose cli   '/usr/bin/npm',
1 verbose cli   'install',
1 verbose cli   'express-generator',
1 verbose cli   '-g' ]
2 info using npm@2.15.8
3 info using node@v4.4.7
4 verbose install initial load of /usr/lib/package.json
5 verbose readDependencies loading dependencies from /usr/lib/package.json
6 silly cache add args [ 'express-generator', null ]
7 verbose cache add spec express-generator
8 silly cache add parsed spec Result {
8 silly cache add   raw: 'express-generator',
8 silly cache add   scope: null,
8 silly cache add   name: 'express-generator',
8 silly cache add   rawSpec: '',
8 silly cache add   spec: 'latest',
8 silly cache add   type: 'tag' }
9 silly addNamed express-generator@latest
10 verbose addNamed "latest" is being treated as a dist-tag for express-generator
11 info addNameTag [ 'express-generator', 'latest' ]
12 silly mapToRegistry name express-generator
13 silly mapToRegistry using default registry
14 silly mapToRegistry registry https://registry.npmjs.org/
15 silly mapToRegistry data Result {
15 silly mapToRegistry   raw: 'express-generator',
15 silly mapToRegistry   scope: null,
15 silly mapToRegistry   name: 'express-generator',
15 silly mapToRegistry   rawSpec: '',
15 silly mapToRegistry   spec: 'latest',
15 silly mapToRegistry   type: 'tag' }
16 silly mapToRegistry uri https://registry.npmjs.org/express-generator
17 verbose addNameTag registry:https://registry.npmjs.org/express-generator not in flight; fetching
18 verbose request uri https://registry.npmjs.org/express-generator
19 verbose request no auth needed
20 info attempt registry request try #1 at 16:19:58
21 verbose request id ea56dd5b6a78cb65
22 verbose etag "13RZ3L9G7QKV57KWRLPWHC6BH"
23 http request GET https://registry.npmjs.org/express-generator
24 http 304 https://registry.npmjs.org/express-generator
25 verbose headers { date: 'Thu, 07 Jul 2016 19:19:59 GMT',
25 verbose headers   via: '1.1 varnish',
25 verbose headers   'cache-control': 'max-age=300',
25 verbose headers   etag: '"13RZ3L9G7QKV57KWRLPWHC6BH"',
25 verbose headers   age: '0',
25 verbose headers   connection: 'keep-alive',
25 verbose headers   'x-served-by': 'cache-gru7125-GRU',
25 verbose headers   'x-cache': 'HIT',
25 verbose headers   'x-cache-hits': '1',
25 verbose headers   'x-timer': 'S1467919199.189063,VS0,VE785',
25 verbose headers   vary: 'Accept-Encoding' }
26 silly get cb [ 304,
26 silly get   { date: 'Thu, 07 Jul 2016 19:19:59 GMT',
26 silly get     via: '1.1 varnish',
26 silly get     'cache-control': 'max-age=300',
26 silly get     etag: '"13RZ3L9G7QKV57KWRLPWHC6BH"',
26 silly get     age: '0',
26 silly get     connection: 'keep-alive',
26 silly get     'x-served-by': 'cache-gru7125-GRU',
26 silly get     'x-cache': 'HIT',
26 silly get     'x-cache-hits': '1',
26 silly get     'x-timer': 'S1467919199.189063,VS0,VE785',
26 silly get     vary: 'Accept-Encoding' } ]
27 verbose etag https://registry.npmjs.org/express-generator from cache
28 verbose get saving express-generator to /home/fernando/.npm/registry.npmjs.org/express-generator/.cache.json
29 verbose correctMkdir /home/fernando/.npm correctMkdir not in flight; initializing
30 silly addNameTag next cb for express-generator with tag latest
31 silly addNamed express-generator@4.13.4
32 verbose addNamed "4.13.4" is a plain semver version for express-generator
33 silly cache afterAdd express-generator@4.13.4
34 verbose afterAdd /home/fernando/.npm/express-generator/4.13.4/package/package.json not in flight; writing
35 verbose correctMkdir /home/fernando/.npm correctMkdir not in flight; initializing
36 verbose afterAdd /home/fernando/.npm/express-generator/4.13.4/package/package.json written
37 silly install resolved [ { name: 'express-generator',
37 silly install resolved     description: 'Express\' application generator',
37 silly install resolved     version: '4.13.4',
37 silly install resolved     author: { name: 'TJ Holowaychuk', email: 'tj@vision-media.ca' },
37 silly install resolved     contributors: [ [Object], [Object], [Object], [Object], [Object], [Object] ],
37 silly install resolved     keywords:
37 silly install resolved      [ 'express',
37 silly install resolved        'framework',
37 silly install resolved        'sinatra',
37 silly install resolved        'web',
37 silly install resolved        'rest',
37 silly install resolved        'restful',
37 silly install resolved        'router',
37 silly install resolved        'app',
37 silly install resolved        'api' ],
37 silly install resolved     repository:
37 silly install resolved      { type: 'git',
37 silly install resolved        url: 'git+https://github.com/expressjs/generator.git' },
37 silly install resolved     license: 'MIT',
37 silly install resolved     dependencies: { commander: '2.7.1', mkdirp: '0.5.1', 'sorted-object': '2.0.0' },
37 silly install resolved     main: 'bin/express',
37 silly install resolved     preferGlobal: true,
37 silly install resolved     bin: { express: './bin/express' },
37 silly install resolved     devDependencies: { mocha: '2.4.5', rimraf: '2.5.2', supertest: '1.2.0' },
37 silly install resolved     engines: { node: '>= 0.10' },
37 silly install resolved     files: [ 'LICENSE', 'bin/', 'templates/' ],
37 silly install resolved     scripts:
37 silly install resolved      { test: 'mocha --reporter spec --bail --check-leaks test/',
37 silly install resolved        'test-ci': 'mocha --reporter spec --check-leaks test/' },
37 silly install resolved     gitHead: 'f7b1543a297425f541f0b18c3312105c403a660f',
37 silly install resolved     bugs: { url: 'https://github.com/expressjs/generator/issues' },
37 silly install resolved     homepage: 'https://github.com/expressjs/generator',
37 silly install resolved     _id: 'express-generator@4.13.4',
37 silly install resolved     _shasum: '3abec2e5e7b548820075024954ff7fa6a447e5eb',
37 silly install resolved     _from: 'express-generator@latest',
37 silly install resolved     _npmVersion: '1.4.28',
37 silly install resolved     _npmUser: { name: 'dougwilson', email: 'doug@somethingdoug.com' },
37 silly install resolved     maintainers: [ [Object] ],
37 silly install resolved     dist:
37 silly install resolved      { shasum: '3abec2e5e7b548820075024954ff7fa6a447e5eb',
37 silly install resolved        tarball: 'https://registry.npmjs.org/express-generator/-/express-generator-4.13.4.tgz' },
37 silly install resolved     _npmOperationalInternal:
37 silly install resolved      { host: 'packages-16-east.internal.npmjs.com',
37 silly install resolved        tmp: 'tmp/express-generator-4.13.4.tgz_1466223574112_0.6206904440186918' },
37 silly install resolved     directories: {},
37 silly install resolved     _resolved: 'https://registry.npmjs.org/express-generator/-/express-generator-4.13.4.tgz',
37 silly install resolved     readme: 'ERROR: No README data found!' } ]
38 info install express-generator@4.13.4 into /usr/lib
39 info installOne express-generator@4.13.4
40 verbose installOne of express-generator to /usr/lib not in flight; installing
41 verbose correctMkdir /home/fernando/.npm/_locks correctMkdir not in flight; initializing
42 verbose lock using /home/fernando/.npm/_locks/express-generator-981ece2c3651799f.lock for /usr/lib/node_modules/express-generator
43 silly install write writing express-generator 4.13.4 to /usr/lib/node_modules/express-generator
44 verbose unbuild lib/node_modules/express-generator
45 silly gentlyRm /usr/lib/node_modules/express-generator is being purged from base /usr
46 verbose gentlyRm don't care about contents; nuking /usr/lib/node_modules/express-generator
47 verbose tar unpack /home/fernando/.npm/express-generator/4.13.4/package.tgz
48 verbose tar unpacking to /usr/lib/node_modules/express-generator
49 silly gentlyRm /usr/lib/node_modules/express-generator is being purged
50 verbose gentlyRm don't care about contents; nuking /usr/lib/node_modules/express-generator
51 silly gunzTarPerm modes [ '755', '644' ]
52 silly gunzTarPerm extractEntry package.json
53 silly gunzTarPerm modified mode [ 'package.json', 438, 420 ]
54 silly gunzTarPerm extractEntry README.md
55 silly gunzTarPerm modified mode [ 'README.md', 438, 420 ]
56 silly gunzTarPerm extractEntry LICENSE
57 silly gunzTarPerm modified mode [ 'LICENSE', 438, 420 ]
58 silly gunzTarPerm extractEntry bin/express
59 silly gunzTarPerm modified mode [ 'bin/express', 438, 420 ]
60 silly gunzTarPerm extractEntry templates/css/style.css
61 silly gunzTarPerm modified mode [ 'templates/css/style.css', 438, 420 ]
62 silly gunzTarPerm extractEntry templates/css/style.less
63 silly gunzTarPerm modified mode [ 'templates/css/style.less', 438, 420 ]
64 silly gunzTarPerm extractEntry templates/css/style.sass
65 silly gunzTarPerm modified mode [ 'templates/css/style.sass', 438, 420 ]
66 silly gunzTarPerm extractEntry templates/css/style.scss
67 silly gunzTarPerm modified mode [ 'templates/css/style.scss', 438, 420 ]
68 silly gunzTarPerm extractEntry templates/css/style.styl
69 silly gunzTarPerm modified mode [ 'templates/css/style.styl', 438, 420 ]
70 silly gunzTarPerm extractEntry templates/ejs/error.ejs
71 silly gunzTarPerm modified mode [ 'templates/ejs/error.ejs', 438, 420 ]
72 silly gunzTarPerm extractEntry templates/ejs/index.ejs
73 silly gunzTarPerm modified mode [ 'templates/ejs/index.ejs', 438, 420 ]
74 silly gunzTarPerm extractEntry templates/hbs/error.hbs
75 silly gunzTarPerm modified mode [ 'templates/hbs/error.hbs', 438, 420 ]
76 silly gunzTarPerm extractEntry templates/hbs/index.hbs
77 silly gunzTarPerm modified mode [ 'templates/hbs/index.hbs', 438, 420 ]
78 silly gunzTarPerm extractEntry templates/hbs/layout.hbs
79 silly gunzTarPerm modified mode [ 'templates/hbs/layout.hbs', 438, 420 ]
80 silly gunzTarPerm extractEntry templates/hogan/error.hjs
81 silly gunzTarPerm modified mode [ 'templates/hogan/error.hjs', 438, 420 ]
82 silly gunzTarPerm extractEntry templates/hogan/index.hjs
83 silly gunzTarPerm modified mode [ 'templates/hogan/index.hjs', 438, 420 ]
84 silly gunzTarPerm extractEntry templates/jade/error.jade
85 silly gunzTarPerm modified mode [ 'templates/jade/error.jade', 438, 420 ]
86 silly gunzTarPerm extractEntry templates/jade/index.jade
87 silly gunzTarPerm modified mode [ 'templates/jade/index.jade', 438, 420 ]
88 silly gunzTarPerm extractEntry templates/jade/layout.jade
89 silly gunzTarPerm modified mode [ 'templates/jade/layout.jade', 438, 420 ]
90 silly gunzTarPerm extractEntry templates/js/app.js
91 silly gunzTarPerm modified mode [ 'templates/js/app.js', 438, 420 ]
92 silly gunzTarPerm extractEntry templates/js/gitignore
93 silly gunzTarPerm modified mode [ 'templates/js/gitignore', 438, 420 ]
94 silly gunzTarPerm extractEntry templates/js/routes/index.js
95 silly gunzTarPerm modified mode [ 'templates/js/routes/index.js', 438, 420 ]
96 silly gunzTarPerm extractEntry templates/js/routes/users.js
97 silly gunzTarPerm modified mode [ 'templates/js/routes/users.js', 438, 420 ]
98 silly gunzTarPerm extractEntry templates/js/www
99 silly gunzTarPerm modified mode [ 'templates/js/www', 438, 420 ]
100 verbose write writing to /usr/lib/node_modules/express-generator/package.json
101 info preinstall express-generator@4.13.4
102 verbose readDependencies loading dependencies from /usr/lib/node_modules/express-generator/package.json
103 silly prepareForInstallMany adding commander@2.7.1 from express-generator dependencies
104 silly prepareForInstallMany adding mkdirp@0.5.1 from express-generator dependencies
105 silly prepareForInstallMany adding sorted-object@2.0.0 from express-generator dependencies
106 verbose readDependencies loading dependencies from /usr/lib/node_modules/express-generator/package.json
107 silly cache add args [ 'mkdirp@0.5.1', null ]
108 verbose cache add spec mkdirp@0.5.1
109 silly cache add parsed spec Result {
109 silly cache add   raw: 'mkdirp@0.5.1',
109 silly cache add   scope: null,
109 silly cache add   name: 'mkdirp',
109 silly cache add   rawSpec: '0.5.1',
109 silly cache add   spec: '0.5.1',
109 silly cache add   type: 'version' }
110 silly addNamed mkdirp@0.5.1
111 verbose addNamed "0.5.1" is a plain semver version for mkdirp
112 silly mapToRegistry name mkdirp
113 silly mapToRegistry using default registry
114 silly mapToRegistry registry https://registry.npmjs.org/
115 silly mapToRegistry data Result {
115 silly mapToRegistry   raw: 'mkdirp',
115 silly mapToRegistry   scope: null,
115 silly mapToRegistry   name: 'mkdirp',
115 silly mapToRegistry   rawSpec: '',
115 silly mapToRegistry   spec: 'latest',
115 silly mapToRegistry   type: 'tag' }
116 silly mapToRegistry uri https://registry.npmjs.org/mkdirp
117 verbose addNameVersion registry:https://registry.npmjs.org/mkdirp not in flight; fetching
118 silly cache add args [ 'sorted-object@2.0.0', null ]
119 verbose cache add spec sorted-object@2.0.0
120 silly cache add parsed spec Result {
120 silly cache add   raw: 'sorted-object@2.0.0',
120 silly cache add   scope: null,
120 silly cache add   name: 'sorted-object',
120 silly cache add   rawSpec: '2.0.0',
120 silly cache add   spec: '2.0.0',
120 silly cache add   type: 'version' }
121 silly addNamed sorted-object@2.0.0
122 verbose addNamed "2.0.0" is a plain semver version for sorted-object
123 silly mapToRegistry name sorted-object
124 silly mapToRegistry using default registry
125 silly mapToRegistry registry https://registry.npmjs.org/
126 silly mapToRegistry data Result {
126 silly mapToRegistry   raw: 'sorted-object',
126 silly mapToRegistry   scope: null,
126 silly mapToRegistry   name: 'sorted-object',
126 silly mapToRegistry   rawSpec: '',
126 silly mapToRegistry   spec: 'latest',
126 silly mapToRegistry   type: 'tag' }
127 silly mapToRegistry uri https://registry.npmjs.org/sorted-object
128 verbose addNameVersion registry:https://registry.npmjs.org/sorted-object not in flight; fetching
129 silly cache add args [ 'commander@2.7.1', null ]
130 verbose cache add spec commander@2.7.1
131 silly cache add parsed spec Result {
131 silly cache add   raw: 'commander@2.7.1',
131 silly cache add   scope: null,
131 silly cache add   name: 'commander',
131 silly cache add   rawSpec: '2.7.1',
131 silly cache add   spec: '2.7.1',
131 silly cache add   type: 'version' }
132 silly addNamed commander@2.7.1
133 verbose addNamed "2.7.1" is a plain semver version for commander
134 silly mapToRegistry name commander
135 silly mapToRegistry using default registry
136 silly mapToRegistry registry https://registry.npmjs.org/
137 silly mapToRegistry data Result {
137 silly mapToRegistry   raw: 'commander',
137 silly mapToRegistry   scope: null,
137 silly mapToRegistry   name: 'commander',
137 silly mapToRegistry   rawSpec: '',
137 silly mapToRegistry   spec: 'latest',
137 silly mapToRegistry   type: 'tag' }
138 silly mapToRegistry uri https://registry.npmjs.org/commander
139 verbose addNameVersion registry:https://registry.npmjs.org/commander not in flight; fetching
140 verbose request uri https://registry.npmjs.org/mkdirp
141 verbose request no auth needed
142 info attempt registry request try #1 at 16:19:59
143 verbose etag "CVN414WULFYEIMA412CQ7KULR"
144 http request GET https://registry.npmjs.org/mkdirp
145 verbose request uri https://registry.npmjs.org/sorted-object
146 verbose request no auth needed
147 info attempt registry request try #1 at 16:19:59
148 verbose etag "CRZ79N3CN8P8NK1PR2952VH73"
149 http request GET https://registry.npmjs.org/sorted-object
150 verbose request uri https://registry.npmjs.org/commander
151 verbose request no auth needed
152 info attempt registry request try #1 at 16:19:59
153 verbose etag "6RJ1QPYVC51CBP6DRYDCBWDC8"
154 http request GET https://registry.npmjs.org/commander
155 http 304 https://registry.npmjs.org/mkdirp
156 verbose headers { date: 'Thu, 07 Jul 2016 19:20:00 GMT',
156 verbose headers   via: '1.1 varnish',
156 verbose headers   'cache-control': 'max-age=300',
156 verbose headers   etag: '"CVN414WULFYEIMA412CQ7KULR"',
156 verbose headers   age: '102',
156 verbose headers   connection: 'keep-alive',
156 verbose headers   'x-served-by': 'cache-gru7125-GRU',
156 verbose headers   'x-cache': 'HIT',
156 verbose headers   'x-cache-hits': '4',
156 verbose headers   'x-timer': 'S1467919200.193390,VS0,VE0',
156 verbose headers   vary: 'Accept-Encoding' }
157 silly get cb [ 304,
157 silly get   { date: 'Thu, 07 Jul 2016 19:20:00 GMT',
157 silly get     via: '1.1 varnish',
157 silly get     'cache-control': 'max-age=300',
157 silly get     etag: '"CVN414WULFYEIMA412CQ7KULR"',
157 silly get     age: '102',
157 silly get     connection: 'keep-alive',
157 silly get     'x-served-by': 'cache-gru7125-GRU',
157 silly get     'x-cache': 'HIT',
157 silly get     'x-cache-hits': '4',
157 silly get     'x-timer': 'S1467919200.193390,VS0,VE0',
157 silly get     vary: 'Accept-Encoding' } ]
158 verbose etag https://registry.npmjs.org/mkdirp from cache
159 verbose get saving mkdirp to /home/fernando/.npm/registry.npmjs.org/mkdirp/.cache.json
160 verbose correctMkdir /home/fernando/.npm correctMkdir not in flight; initializing
161 silly cache afterAdd mkdirp@0.5.1
162 verbose afterAdd /home/fernando/.npm/mkdirp/0.5.1/package/package.json not in flight; writing
163 verbose correctMkdir /home/fernando/.npm correctMkdir not in flight; initializing
164 verbose afterAdd /home/fernando/.npm/mkdirp/0.5.1/package/package.json written
165 http 304 https://registry.npmjs.org/commander
166 verbose headers { date: 'Thu, 07 Jul 2016 19:20:00 GMT',
166 verbose headers   via: '1.1 varnish',
166 verbose headers   'cache-control': 'max-age=300',
166 verbose headers   etag: '"6RJ1QPYVC51CBP6DRYDCBWDC8"',
166 verbose headers   age: '237',
166 verbose headers   connection: 'keep-alive',
166 verbose headers   'x-served-by': 'cache-gru7126-GRU',
166 verbose headers   'x-cache': 'HIT',
166 verbose headers   'x-cache-hits': '5',
166 verbose headers   'x-timer': 'S1467919200.391706,VS0,VE0',
166 verbose headers   vary: 'Accept-Encoding' }
167 silly get cb [ 304,
167 silly get   { date: 'Thu, 07 Jul 2016 19:20:00 GMT',
167 silly get     via: '1.1 varnish',
167 silly get     'cache-control': 'max-age=300',
167 silly get     etag: '"6RJ1QPYVC51CBP6DRYDCBWDC8"',
167 silly get     age: '237',
167 silly get     connection: 'keep-alive',
167 silly get     'x-served-by': 'cache-gru7126-GRU',
167 silly get     'x-cache': 'HIT',
167 silly get     'x-cache-hits': '5',
167 silly get     'x-timer': 'S1467919200.391706,VS0,VE0',
167 silly get     vary: 'Accept-Encoding' } ]
168 verbose etag https://registry.npmjs.org/commander from cache
169 verbose get saving commander to /home/fernando/.npm/registry.npmjs.org/commander/.cache.json
170 verbose correctMkdir /home/fernando/.npm correctMkdir not in flight; initializing
171 silly cache afterAdd commander@2.7.1
172 verbose afterAdd /home/fernando/.npm/commander/2.7.1/package/package.json not in flight; writing
173 verbose correctMkdir /home/fernando/.npm correctMkdir not in flight; initializing
174 verbose afterAdd /home/fernando/.npm/commander/2.7.1/package/package.json written
175 http 304 https://registry.npmjs.org/sorted-object
176 verbose headers { date: 'Thu, 07 Jul 2016 19:20:00 GMT',
176 verbose headers   via: '1.1 varnish',
176 verbose headers   'cache-control': 'max-age=300',
176 verbose headers   etag: '"CRZ79N3CN8P8NK1PR2952VH73"',
176 verbose headers   age: '0',
176 verbose headers   connection: 'keep-alive',
176 verbose headers   'x-served-by': 'cache-gru7125-GRU',
176 verbose headers   'x-cache': 'HIT',
176 verbose headers   'x-cache-hits': '1',
176 verbose headers   'x-timer': 'S1467919200.396637,VS0,VE587',
176 verbose headers   vary: 'Accept-Encoding' }
177 silly get cb [ 304,
177 silly get   { date: 'Thu, 07 Jul 2016 19:20:00 GMT',
177 silly get     via: '1.1 varnish',
177 silly get     'cache-control': 'max-age=300',
177 silly get     etag: '"CRZ79N3CN8P8NK1PR2952VH73"',
177 silly get     age: '0',
177 silly get     connection: 'keep-alive',
177 silly get     'x-served-by': 'cache-gru7125-GRU',
177 silly get     'x-cache': 'HIT',
177 silly get     'x-cache-hits': '1',
177 silly get     'x-timer': 'S1467919200.396637,VS0,VE587',
177 silly get     vary: 'Accept-Encoding' } ]
178 verbose etag https://registry.npmjs.org/sorted-object from cache
179 verbose get saving sorted-object to /home/fernando/.npm/registry.npmjs.org/sorted-object/.cache.json
180 verbose correctMkdir /home/fernando/.npm correctMkdir not in flight; initializing
181 silly cache afterAdd sorted-object@2.0.0
182 verbose afterAdd /home/fernando/.npm/sorted-object/2.0.0/package/package.json not in flight; writing
183 verbose correctMkdir /home/fernando/.npm correctMkdir not in flight; initializing
184 verbose afterAdd /home/fernando/.npm/sorted-object/2.0.0/package/package.json written
185 silly install resolved [ { name: 'mkdirp',
185 silly install resolved     description: 'Recursively mkdir, like `mkdir -p`',
185 silly install resolved     version: '0.5.1',
185 silly install resolved     author:
185 silly install resolved      { name: 'James Halliday',
185 silly install resolved        email: 'mail@substack.net',
185 silly install resolved        url: 'http://substack.net' },
185 silly install resolved     main: 'index.js',
185 silly install resolved     keywords: [ 'mkdir', 'directory' ],
185 silly install resolved     repository:
185 silly install resolved      { type: 'git',
185 silly install resolved        url: 'git+https://github.com/substack/node-mkdirp.git' },
185 silly install resolved     scripts: { test: 'tap test/*.js' },
185 silly install resolved     dependencies: { minimist: '0.0.8' },
185 silly install resolved     devDependencies: { tap: '1', 'mock-fs': '2 >=2.7.0' },
185 silly install resolved     bin: { mkdirp: 'bin/cmd.js' },
185 silly install resolved     license: 'MIT',
185 silly install resolved     gitHead: 'd4eff0f06093aed4f387e88e9fc301cb76beedc7',
185 silly install resolved     bugs: { url: 'https://github.com/substack/node-mkdirp/issues' },
185 silly install resolved     homepage: 'https://github.com/substack/node-mkdirp#readme',
185 silly install resolved     _id: 'mkdirp@0.5.1',
185 silly install resolved     _shasum: '30057438eac6cf7f8c4767f38648d6697d75c903',
185 silly install resolved     _from: 'mkdirp@0.5.1',
185 silly install resolved     _npmVersion: '2.9.0',
185 silly install resolved     _nodeVersion: '2.0.0',
185 silly install resolved     _npmUser: { name: 'substack', email: 'substack@gmail.com' },
185 silly install resolved     dist:
185 silly install resolved      { shasum: '30057438eac6cf7f8c4767f38648d6697d75c903',
185 silly install resolved        tarball: 'https://registry.npmjs.org/mkdirp/-/mkdirp-0.5.1.tgz' },
185 silly install resolved     maintainers: [ [Object] ],
185 silly install resolved     directories: {},
185 silly install resolved     _resolved: 'https://registry.npmjs.org/mkdirp/-/mkdirp-0.5.1.tgz',
185 silly install resolved     readme: 'ERROR: No README data found!' },
185 silly install resolved   { name: 'commander',
185 silly install resolved     version: '2.7.1',
185 silly install resolved     description: 'the complete solution for node.js command-line programs',
185 silly install resolved     keywords: [ 'command', 'option', 'parser' ],
185 silly install resolved     author: { name: 'TJ Holowaychuk', email: 'tj@vision-media.ca' },
185 silly install resolved     license: 'MIT',
185 silly install resolved     repository:
185 silly install resolved      { type: 'git',
185 silly install resolved        url: 'git+https://github.com/tj/commander.js.git' },
185 silly install resolved     devDependencies: { should: '>= 0.0.1' },
185 silly install resolved     scripts: { test: 'make test' },
185 silly install resolved     main: 'index',
185 silly install resolved     engines: { node: '>= 0.6.x' },
185 silly install resolved     files: [ 'index.js' ],
185 silly install resolved     dependencies: { 'graceful-readlink': '>= 1.0.0' },
185 silly install resolved     gitHead: '103654f8f32c010ad1e62cefc9ab92d7c8d18c8e',
185 silly install resolved     bugs: { url: 'https://github.com/tj/commander.js/issues' },
185 silly install resolved     homepage: 'https://github.com/tj/commander.js',
185 silly install resolved     _id: 'commander@2.7.1',
185 silly install resolved     _shasum: '5d419a2bbed2c32ee3e4dca9bb45ab83ecc3065a',
185 silly install resolved     _from: 'commander@2.7.1',
185 silly install resolved     _npmVersion: '2.1.17',
185 silly install resolved     _nodeVersion: '0.11.14',
185 silly install resolved     _npmUser: { name: 'zhiyelee', email: 'zhiyelee@gmail.com' },
185 silly install resolved     maintainers: [ [Object], [Object], [Object], [Object] ],
185 silly install resolved     dist:
185 silly install resolved      { shasum: '5d419a2bbed2c32ee3e4dca9bb45ab83ecc3065a',
185 silly install resolved        tarball: 'https://registry.npmjs.org/commander/-/commander-2.7.1.tgz' },
185 silly install resolved     directories: {},
185 silly install resolved     _resolved: 'https://registry.npmjs.org/commander/-/commander-2.7.1.tgz',
185 silly install resolved     readme: 'ERROR: No README data found!' },
185 silly install resolved   { name: 'sorted-object',
185 silly install resolved     description: 'Returns a copy of an object with its keys sorted',
185 silly install resolved     keywords: [ 'sort', 'keys', 'object' ],
185 silly install resolved     version: '2.0.0',
185 silly install resolved     author:
185 silly install resolved      { name: 'Domenic Denicola',
185 silly install resolved        email: 'd@domenic.me',
185 silly install resolved        url: 'https://domenic.me/' },
185 silly install resolved     license: 'WTFPL',
185 silly install resolved     repository:
185 silly install resolved      { type: 'git',
185 silly install resolved        url: 'git+https://github.com/domenic/sorted-object.git' },
185 silly install resolved     main: 'lib/sorted-object.js',
185 silly install resolved     files: [ 'lib/' ],
185 silly install resolved     scripts: { test: 'tape test/tests.js', lint: 'eslint .' },
185 silly install resolved     devDependencies: { eslint: '^2.4.0', tape: '^4.5.1' },
185 silly install resolved     gitHead: '3cbdde212c8ceef219fbb8fa7805bfc38b94aa90',
185 silly install resolved     bugs: { url: 'https://github.com/domenic/sorted-object/issues' },
185 silly install resolved     homepage: 'https://github.com/domenic/sorted-object#readme',
185 silly install resolved     _id: 'sorted-object@2.0.0',
185 silly install resolved     _shasum: '1cfea981609047d8043807a490a9d99b317faf7f',
185 silly install resolved     _from: 'sorted-object@2.0.0',
185 silly install resolved     _npmVersion: '3.6.0',
185 silly install resolved     _nodeVersion: '5.7.1',
185 silly install resolved     _npmUser: { name: 'domenic', email: 'd@domenic.me' },
185 silly install resolved     dist:
185 silly install resolved      { shasum: '1cfea981609047d8043807a490a9d99b317faf7f',
185 silly install resolved        tarball: 'https://registry.npmjs.org/sorted-object/-/sorted-object-2.0.0.tgz' },
185 silly install resolved     maintainers: [ [Object] ],
185 silly install resolved     _npmOperationalInternal:
185 silly install resolved      { host: 'packages-12-west.internal.npmjs.com',
185 silly install resolved        tmp: 'tmp/sorted-object-2.0.0.tgz_1457910693572_0.6718082851730287' },
185 silly install resolved     directories: {},
185 silly install resolved     _resolved: 'https://registry.npmjs.org/sorted-object/-/sorted-object-2.0.0.tgz',
185 silly install resolved     readme: 'ERROR: No README data found!' } ]
186 info install mkdirp@0.5.1 into /usr/lib/node_modules/express-generator
187 info install commander@2.7.1 into /usr/lib/node_modules/express-generator
188 info install sorted-object@2.0.0 into /usr/lib/node_modules/express-generator
189 info installOne mkdirp@0.5.1
190 verbose installOne of mkdirp to /usr/lib/node_modules/express-generator not in flight; installing
191 verbose correctMkdir /home/fernando/.npm/_locks correctMkdir not in flight; initializing
192 info installOne commander@2.7.1
193 verbose installOne of commander to /usr/lib/node_modules/express-generator not in flight; installing
194 verbose correctMkdir /home/fernando/.npm/_locks correctMkdir not in flight; initializing
195 info installOne sorted-object@2.0.0
196 verbose installOne of sorted-object to /usr/lib/node_modules/express-generator not in flight; installing
197 verbose correctMkdir /home/fernando/.npm/_locks correctMkdir not in flight; initializing
198 verbose lock using /home/fernando/.npm/_locks/mkdirp-397033f991947041.lock for /usr/lib/node_modules/express-generator/node_modules/mkdirp
199 verbose lock using /home/fernando/.npm/_locks/commander-bf4a568b9f2ce19b.lock for /usr/lib/node_modules/express-generator/node_modules/commander
200 verbose lock using /home/fernando/.npm/_locks/sorted-object-6be63123011838c8.lock for /usr/lib/node_modules/express-generator/node_modules/sorted-object
201 silly install write writing mkdirp 0.5.1 to /usr/lib/node_modules/express-generator/node_modules/mkdirp
202 silly install write writing commander 2.7.1 to /usr/lib/node_modules/express-generator/node_modules/commander
203 silly install write writing sorted-object 2.0.0 to /usr/lib/node_modules/express-generator/node_modules/sorted-object
204 verbose unbuild lib/node_modules/express-generator/node_modules/commander
205 verbose unbuild lib/node_modules/express-generator/node_modules/sorted-object
206 verbose unbuild lib/node_modules/express-generator/node_modules/mkdirp
207 silly gentlyRm /usr/lib/node_modules/express-generator/node_modules/commander is being purged from base /usr
208 verbose gentlyRm don't care about contents; nuking /usr/lib/node_modules/express-generator/node_modules/commander
209 silly gentlyRm /usr/lib/node_modules/express-generator/node_modules/sorted-object is being purged from base /usr
210 verbose gentlyRm don't care about contents; nuking /usr/lib/node_modules/express-generator/node_modules/sorted-object
211 silly gentlyRm /usr/lib/node_modules/express-generator/node_modules/mkdirp is being purged from base /usr
212 verbose gentlyRm don't care about contents; nuking /usr/lib/node_modules/express-generator/node_modules/mkdirp
213 verbose tar unpack /home/fernando/.npm/commander/2.7.1/package.tgz
214 verbose tar unpacking to /usr/lib/node_modules/express-generator/node_modules/commander
215 silly gentlyRm /usr/lib/node_modules/express-generator/node_modules/commander is being purged
216 verbose gentlyRm don't care about contents; nuking /usr/lib/node_modules/express-generator/node_modules/commander
217 verbose tar unpack /home/fernando/.npm/sorted-object/2.0.0/package.tgz
218 verbose tar unpacking to /usr/lib/node_modules/express-generator/node_modules/sorted-object
219 silly gentlyRm /usr/lib/node_modules/express-generator/node_modules/sorted-object is being purged
220 verbose gentlyRm don't care about contents; nuking /usr/lib/node_modules/express-generator/node_modules/sorted-object
221 verbose tar unpack /home/fernando/.npm/mkdirp/0.5.1/package.tgz
222 verbose tar unpacking to /usr/lib/node_modules/express-generator/node_modules/mkdirp
223 silly gentlyRm /usr/lib/node_modules/express-generator/node_modules/mkdirp is being purged
224 verbose gentlyRm don't care about contents; nuking /usr/lib/node_modules/express-generator/node_modules/mkdirp
225 silly gunzTarPerm modes [ '755', '644' ]
226 silly gunzTarPerm modes [ '755', '644' ]
227 silly gunzTarPerm modes [ '755', '644' ]
228 silly gunzTarPerm extractEntry package.json
229 silly gunzTarPerm modified mode [ 'package.json', 436, 420 ]
230 silly gunzTarPerm extractEntry package.json
231 silly gunzTarPerm modified mode [ 'package.json', 438, 420 ]
232 silly gunzTarPerm extractEntry package.json
233 silly gunzTarPerm extractEntry LICENSE
234 silly gunzTarPerm modified mode [ 'LICENSE', 436, 420 ]
235 silly gunzTarPerm extractEntry index.js
236 silly gunzTarPerm modified mode [ 'index.js', 436, 420 ]
237 silly gunzTarPerm extractEntry README.md
238 silly gunzTarPerm modified mode [ 'README.md', 438, 420 ]
239 silly gunzTarPerm extractEntry LICENSE.txt
240 silly gunzTarPerm modified mode [ 'LICENSE.txt', 438, 420 ]
241 silly gunzTarPerm extractEntry LICENSE
242 silly gunzTarPerm extractEntry index.js
243 silly gunzTarPerm extractEntry History.md
244 silly gunzTarPerm modified mode [ 'History.md', 436, 420 ]
245 silly gunzTarPerm extractEntry lib/sorted-object.js
246 silly gunzTarPerm modified mode [ 'lib/sorted-object.js', 438, 420 ]
247 silly gunzTarPerm extractEntry .travis.yml
248 silly gunzTarPerm extractEntry bin/cmd.js
249 silly gunzTarPerm extractEntry Readme.md
250 silly gunzTarPerm modified mode [ 'Readme.md', 436, 420 ]
251 silly gunzTarPerm extractEntry bin/usage.txt
252 silly gunzTarPerm extractEntry examples/pow.js
253 silly gunzTarPerm extractEntry readme.markdown
254 silly gunzTarPerm extractEntry test/chmod.js
255 silly gunzTarPerm extractEntry test/opts_fs_sync.js
256 verbose write writing to /usr/lib/node_modules/express-generator/node_modules/sorted-object/package.json
257 silly gunzTarPerm extractEntry test/perm.js
258 silly gunzTarPerm extractEntry test/perm_sync.js
259 info preinstall sorted-object@2.0.0
260 verbose readDependencies loading dependencies from /usr/lib/node_modules/express-generator/node_modules/sorted-object/package.json
261 silly gunzTarPerm extractEntry test/opts_fs.js
262 silly gunzTarPerm extractEntry test/rel.js
263 verbose readDependencies loading dependencies from /usr/lib/node_modules/express-generator/node_modules/sorted-object/package.json
264 verbose write writing to /usr/lib/node_modules/express-generator/node_modules/commander/package.json
265 info preinstall commander@2.7.1
266 silly install resolved []
267 verbose about to build /usr/lib/node_modules/express-generator/node_modules/sorted-object
268 info build /usr/lib/node_modules/express-generator/node_modules/sorted-object
269 verbose readDependencies loading dependencies from /usr/lib/node_modules/express-generator/node_modules/commander/package.json
270 silly gunzTarPerm extractEntry test/return.js
271 silly gunzTarPerm extractEntry test/return_sync.js
272 info linkStuff sorted-object@2.0.0
273 silly linkStuff sorted-object@2.0.0 has /usr/lib/node_modules/express-generator/node_modules as its parent node_modules
274 silly linkStuff sorted-object@2.0.0 is part of a global install
275 silly linkStuff sorted-object@2.0.0 is installed into a global node_modules
276 silly prepareForInstallMany adding graceful-readlink@>= 1.0.0 from commander dependencies
277 verbose readDependencies loading dependencies from /usr/lib/node_modules/express-generator/node_modules/commander/package.json
278 verbose linkBins sorted-object@2.0.0
279 verbose linkMans sorted-object@2.0.0
280 verbose rebuildBundles sorted-object@2.0.0
281 info install sorted-object@2.0.0
282 silly gunzTarPerm extractEntry test/root.js
283 silly gunzTarPerm extractEntry test/sync.js
284 info postinstall sorted-object@2.0.0
285 verbose unlock done using /home/fernando/.npm/_locks/sorted-object-6be63123011838c8.lock for /usr/lib/node_modules/express-generator/node_modules/sorted-object
286 silly cache add args [ 'graceful-readlink@>= 1.0.0', null ]
287 verbose cache add spec graceful-readlink@>= 1.0.0
288 silly cache add parsed spec Result {
288 silly cache add   raw: 'graceful-readlink@>= 1.0.0',
288 silly cache add   scope: null,
288 silly cache add   name: 'graceful-readlink',
288 silly cache add   rawSpec: '>= 1.0.0',
288 silly cache add   spec: '>=1.0.0',
288 silly cache add   type: 'range' }
289 silly addNamed graceful-readlink@>=1.0.0
290 verbose addNamed ">=1.0.0" is a valid semver range for graceful-readlink
291 silly addNameRange { name: 'graceful-readlink', range: '>=1.0.0', hasData: false }
292 silly mapToRegistry name graceful-readlink
293 silly mapToRegistry using default registry
294 silly mapToRegistry registry https://registry.npmjs.org/
295 silly mapToRegistry data Result {
295 silly mapToRegistry   raw: 'graceful-readlink',
295 silly mapToRegistry   scope: null,
295 silly mapToRegistry   name: 'graceful-readlink',
295 silly mapToRegistry   rawSpec: '',
295 silly mapToRegistry   spec: 'latest',
295 silly mapToRegistry   type: 'tag' }
296 silly mapToRegistry uri https://registry.npmjs.org/graceful-readlink
297 verbose addNameRange registry:https://registry.npmjs.org/graceful-readlink not in flight; fetching
298 silly gunzTarPerm extractEntry test/mkdirp.js
299 silly gunzTarPerm extractEntry test/umask.js
300 verbose request uri https://registry.npmjs.org/graceful-readlink
301 verbose request no auth needed
302 info attempt registry request try #1 at 16:20:00
303 verbose etag "4Y89F8JDJP0YPHGBB0IMVMPJA"
304 http request GET https://registry.npmjs.org/graceful-readlink
305 silly gunzTarPerm extractEntry test/clobber.js
306 silly gunzTarPerm extractEntry test/umask_sync.js
307 silly gunzTarPerm extractEntry test/race.js
308 verbose write writing to /usr/lib/node_modules/express-generator/node_modules/mkdirp/package.json
309 info preinstall mkdirp@0.5.1
310 verbose readDependencies loading dependencies from /usr/lib/node_modules/express-generator/node_modules/mkdirp/package.json
311 silly prepareForInstallMany adding minimist@0.0.8 from mkdirp dependencies
312 verbose readDependencies loading dependencies from /usr/lib/node_modules/express-generator/node_modules/mkdirp/package.json
313 silly cache add args [ 'minimist@0.0.8', null ]
314 verbose cache add spec minimist@0.0.8
315 silly cache add parsed spec Result {
315 silly cache add   raw: 'minimist@0.0.8',
315 silly cache add   scope: null,
315 silly cache add   name: 'minimist',
315 silly cache add   rawSpec: '0.0.8',
315 silly cache add   spec: '0.0.8',
315 silly cache add   type: 'version' }
316 silly addNamed minimist@0.0.8
317 verbose addNamed "0.0.8" is a plain semver version for minimist
318 silly mapToRegistry name minimist
319 silly mapToRegistry using default registry
320 silly mapToRegistry registry https://registry.npmjs.org/
321 silly mapToRegistry data Result {
321 silly mapToRegistry   raw: 'minimist',
321 silly mapToRegistry   scope: null,
321 silly mapToRegistry   name: 'minimist',
321 silly mapToRegistry   rawSpec: '',
321 silly mapToRegistry   spec: 'latest',
321 silly mapToRegistry   type: 'tag' }
322 silly mapToRegistry uri https://registry.npmjs.org/minimist
323 verbose addNameVersion registry:https://registry.npmjs.org/minimist not in flight; fetching
324 verbose request uri https://registry.npmjs.org/minimist
325 verbose request no auth needed
326 info attempt registry request try #1 at 16:20:00
327 verbose etag "E2OCO28TYACRGKHLO5AAYTH0V"
328 http request GET https://registry.npmjs.org/minimist
329 http 304 https://registry.npmjs.org/graceful-readlink
330 verbose headers { date: 'Thu, 07 Jul 2016 19:20:01 GMT',
330 verbose headers   via: '1.1 varnish',
330 verbose headers   'cache-control': 'max-age=300',
330 verbose headers   etag: '"4Y89F8JDJP0YPHGBB0IMVMPJA"',
330 verbose headers   age: '110',
330 verbose headers   connection: 'keep-alive',
330 verbose headers   'x-served-by': 'cache-gru7125-GRU',
330 verbose headers   'x-cache': 'HIT',
330 verbose headers   'x-cache-hits': '2',
330 verbose headers   'x-timer': 'S1467919201.156441,VS0,VE0',
330 verbose headers   vary: 'Accept-Encoding' }
331 silly get cb [ 304,
331 silly get   { date: 'Thu, 07 Jul 2016 19:20:01 GMT',
331 silly get     via: '1.1 varnish',
331 silly get     'cache-control': 'max-age=300',
331 silly get     etag: '"4Y89F8JDJP0YPHGBB0IMVMPJA"',
331 silly get     age: '110',
331 silly get     connection: 'keep-alive',
331 silly get     'x-served-by': 'cache-gru7125-GRU',
331 silly get     'x-cache': 'HIT',
331 silly get     'x-cache-hits': '2',
331 silly get     'x-timer': 'S1467919201.156441,VS0,VE0',
331 silly get     vary: 'Accept-Encoding' } ]
332 verbose etag https://registry.npmjs.org/graceful-readlink from cache
333 verbose get saving graceful-readlink to /home/fernando/.npm/registry.npmjs.org/graceful-readlink/.cache.json
334 verbose correctMkdir /home/fernando/.npm correctMkdir not in flight; initializing
335 silly addNameRange number 2 { name: 'graceful-readlink', range: '>=1.0.0', hasData: true }
336 silly addNameRange versions [ 'graceful-readlink', [ '1.0.0', '1.0.1' ] ]
337 silly addNamed graceful-readlink@1.0.1
338 verbose addNamed "1.0.1" is a plain semver version for graceful-readlink
339 silly cache afterAdd graceful-readlink@1.0.1
340 verbose afterAdd /home/fernando/.npm/graceful-readlink/1.0.1/package/package.json not in flight; writing
341 verbose correctMkdir /home/fernando/.npm correctMkdir not in flight; initializing
342 verbose afterAdd /home/fernando/.npm/graceful-readlink/1.0.1/package/package.json written
343 silly install resolved [ { name: 'graceful-readlink',
343 silly install resolved     version: '1.0.1',
343 silly install resolved     description: 'graceful fs.readlink',
343 silly install resolved     main: 'index.js',
343 silly install resolved     repository:
343 silly install resolved      { type: 'git',
343 silly install resolved        url: 'git://github.com/zhiyelee/graceful-readlink.git' },
343 silly install resolved     homepage: 'https://github.com/zhiyelee/graceful-readlink',
343 silly install resolved     bugs: { url: 'https://github.com/zhiyelee/graceful-readlink/issues' },
343 silly install resolved     keywords: [ 'fs.readlink', 'readlink' ],
343 silly install resolved     author: { name: 'zhiyelee' },
343 silly install resolved     license: 'MIT',
343 silly install resolved     scripts: { test: 'echo "Error: no test specified" && exit 1' },
343 silly install resolved     gitHead: 'f6655275bebef706fb63fd01b5f062a7052419a5',
343 silly install resolved     _id: 'graceful-readlink@1.0.1',
343 silly install resolved     _shasum: '4cafad76bc62f02fa039b2f94e9a3dd3a391a725',
343 silly install resolved     _from: 'graceful-readlink@>=1.0.0',
343 silly install resolved     _npmVersion: '2.1.17',
343 silly install resolved     _nodeVersion: '0.11.14',
343 silly install resolved     _npmUser: { name: 'zhiyelee', email: 'zhiyelee@gmail.com' },
343 silly install resolved     maintainers: [ [Object] ],
343 silly install resolved     dist:
343 silly install resolved      { shasum: '4cafad76bc62f02fa039b2f94e9a3dd3a391a725',
343 silly install resolved        tarball: 'https://registry.npmjs.org/graceful-readlink/-/graceful-readlink-1.0.1.tgz' },
343 silly install resolved     directories: {},
343 silly install resolved     _resolved: 'https://registry.npmjs.org/graceful-readlink/-/graceful-readlink-1.0.1.tgz',
343 silly install resolved     readme: 'ERROR: No README data found!' } ]
344 info install graceful-readlink@1.0.1 into /usr/lib/node_modules/express-generator/node_modules/commander
345 info installOne graceful-readlink@1.0.1
346 verbose installOne of graceful-readlink to /usr/lib/node_modules/express-generator/node_modules/commander not in flight; installing
347 verbose correctMkdir /home/fernando/.npm/_locks correctMkdir not in flight; initializing
348 verbose lock using /home/fernando/.npm/_locks/graceful-readlink-be795dbdef2f7cd5.lock for /usr/lib/node_modules/express-generator/node_modules/commander/node_modules/graceful-readlink
349 silly install write writing graceful-readlink 1.0.1 to /usr/lib/node_modules/express-generator/node_modules/commander/node_modules/graceful-readlink
350 verbose unbuild lib/node_modules/express-generator/node_modules/commander/node_modules/graceful-readlink
351 silly gentlyRm /usr/lib/node_modules/express-generator/node_modules/commander/node_modules/graceful-readlink is being purged from base /usr
352 verbose gentlyRm don't care about contents; nuking /usr/lib/node_modules/express-generator/node_modules/commander/node_modules/graceful-readlink
353 verbose tar unpack /home/fernando/.npm/graceful-readlink/1.0.1/package.tgz
354 verbose tar unpacking to /usr/lib/node_modules/express-generator/node_modules/commander/node_modules/graceful-readlink
355 silly gentlyRm /usr/lib/node_modules/express-generator/node_modules/commander/node_modules/graceful-readlink is being purged
356 verbose gentlyRm don't care about contents; nuking /usr/lib/node_modules/express-generator/node_modules/commander/node_modules/graceful-readlink
357 silly gunzTarPerm modes [ '755', '644' ]
358 silly gunzTarPerm extractEntry package.json
359 silly gunzTarPerm modified mode [ 'package.json', 436, 420 ]
360 silly gunzTarPerm extractEntry .npmignore
361 silly gunzTarPerm modified mode [ '.npmignore', 436, 420 ]
362 silly gunzTarPerm extractEntry README.md
363 silly gunzTarPerm modified mode [ 'README.md', 436, 420 ]
364 silly gunzTarPerm extractEntry LICENSE
365 silly gunzTarPerm modified mode [ 'LICENSE', 436, 420 ]
366 silly gunzTarPerm extractEntry index.js
367 silly gunzTarPerm modified mode [ 'index.js', 436, 420 ]
368 silly gunzTarPerm extractEntry .travis.yml
369 silly gunzTarPerm modified mode [ '.travis.yml', 436, 420 ]
370 verbose write writing to /usr/lib/node_modules/express-generator/node_modules/commander/node_modules/graceful-readlink/package.json
371 http 304 https://registry.npmjs.org/minimist
372 verbose headers { date: 'Thu, 07 Jul 2016 19:20:01 GMT',
372 verbose headers   via: '1.1 varnish',
372 verbose headers   'cache-control': 'max-age=300',
372 verbose headers   etag: '"E2OCO28TYACRGKHLO5AAYTH0V"',
372 verbose headers   age: '253',
372 verbose headers   connection: 'keep-alive',
372 verbose headers   'x-served-by': 'cache-gru7126-GRU',
372 verbose headers   'x-cache': 'HIT',
372 verbose headers   'x-cache-hits': '14',
372 verbose headers   'x-timer': 'S1467919201.182347,VS0,VE0',
372 verbose headers   vary: 'Accept-Encoding' }
373 silly get cb [ 304,
373 silly get   { date: 'Thu, 07 Jul 2016 19:20:01 GMT',
373 silly get     via: '1.1 varnish',
373 silly get     'cache-control': 'max-age=300',
373 silly get     etag: '"E2OCO28TYACRGKHLO5AAYTH0V"',
373 silly get     age: '253',
373 silly get     connection: 'keep-alive',
373 silly get     'x-served-by': 'cache-gru7126-GRU',
373 silly get     'x-cache': 'HIT',
373 silly get     'x-cache-hits': '14',
373 silly get     'x-timer': 'S1467919201.182347,VS0,VE0',
373 silly get     vary: 'Accept-Encoding' } ]
374 verbose etag https://registry.npmjs.org/minimist from cache
375 verbose get saving minimist to /home/fernando/.npm/registry.npmjs.org/minimist/.cache.json
376 verbose correctMkdir /home/fernando/.npm correctMkdir not in flight; initializing
377 info preinstall graceful-readlink@1.0.1
378 verbose readDependencies loading dependencies from /usr/lib/node_modules/express-generator/node_modules/commander/node_modules/graceful-readlink/package.json
379 verbose readDependencies loading dependencies from /usr/lib/node_modules/express-generator/node_modules/commander/node_modules/graceful-readlink/package.json
380 silly install resolved []
381 verbose about to build /usr/lib/node_modules/express-generator/node_modules/commander/node_modules/graceful-readlink
382 info build /usr/lib/node_modules/express-generator/node_modules/commander/node_modules/graceful-readlink
383 silly cache afterAdd minimist@0.0.8
384 verbose afterAdd /home/fernando/.npm/minimist/0.0.8/package/package.json not in flight; writing
385 verbose correctMkdir /home/fernando/.npm correctMkdir not in flight; initializing
386 info linkStuff graceful-readlink@1.0.1
387 silly linkStuff graceful-readlink@1.0.1 has /usr/lib/node_modules/express-generator/node_modules/commander/node_modules as its parent node_modules
388 silly linkStuff graceful-readlink@1.0.1 is part of a global install
389 silly linkStuff graceful-readlink@1.0.1 is installed into a global node_modules
390 verbose afterAdd /home/fernando/.npm/minimist/0.0.8/package/package.json written
391 silly install resolved [ { name: 'minimist',
391 silly install resolved     version: '0.0.8',
391 silly install resolved     description: 'parse argument options',
391 silly install resolved     main: 'index.js',
391 silly install resolved     devDependencies: { tape: '~1.0.4', tap: '~0.4.0' },
391 silly install resolved     scripts: { test: 'tap test/*.js' },
391 silly install resolved     testling: { files: 'test/*.js', browsers: [Object] },
391 silly install resolved     repository: { type: 'git', url: 'git://github.com/substack/minimist.git' },
391 silly install resolved     homepage: 'https://github.com/substack/minimist',
391 silly install resolved     keywords: [ 'argv', 'getopt', 'parser', 'optimist' ],
391 silly install resolved     author:
391 silly install resolved      { name: 'James Halliday',
391 silly install resolved        email: 'mail@substack.net',
391 silly install resolved        url: 'http://substack.net' },
391 silly install resolved     license: 'MIT',
391 silly install resolved     bugs: { url: 'https://github.com/substack/minimist/issues' },
391 silly install resolved     _id: 'minimist@0.0.8',
391 silly install resolved     dist:
391 silly install resolved      { shasum: '857fcabfc3397d2625b8228262e86aa7a011b05d',
391 silly install resolved        tarball: 'https://registry.npmjs.org/minimist/-/minimist-0.0.8.tgz' },
391 silly install resolved     _from: 'minimist@0.0.8',
391 silly install resolved     _npmVersion: '1.4.3',
391 silly install resolved     _npmUser: { name: 'substack', email: 'mail@substack.net' },
391 silly install resolved     maintainers: [ [Object] ],
391 silly install resolved     directories: {},
391 silly install resolved     _shasum: '857fcabfc3397d2625b8228262e86aa7a011b05d',
391 silly install resolved     _resolved: 'https://registry.npmjs.org/minimist/-/minimist-0.0.8.tgz',
391 silly install resolved     readme: 'ERROR: No README data found!' } ]
392 info install minimist@0.0.8 into /usr/lib/node_modules/express-generator/node_modules/mkdirp
393 info installOne minimist@0.0.8
394 verbose installOne of minimist to /usr/lib/node_modules/express-generator/node_modules/mkdirp not in flight; installing
395 verbose correctMkdir /home/fernando/.npm/_locks correctMkdir not in flight; initializing
396 verbose lock using /home/fernando/.npm/_locks/minimist-f7a5eb4317610544.lock for /usr/lib/node_modules/express-generator/node_modules/mkdirp/node_modules/minimist
397 verbose linkBins graceful-readlink@1.0.1
398 verbose linkMans graceful-readlink@1.0.1
399 verbose rebuildBundles graceful-readlink@1.0.1
400 silly install write writing minimist 0.0.8 to /usr/lib/node_modules/express-generator/node_modules/mkdirp/node_modules/minimist
401 info install graceful-readlink@1.0.1
402 info postinstall graceful-readlink@1.0.1
403 verbose unbuild lib/node_modules/express-generator/node_modules/mkdirp/node_modules/minimist
404 verbose unlock done using /home/fernando/.npm/_locks/graceful-readlink-be795dbdef2f7cd5.lock for /usr/lib/node_modules/express-generator/node_modules/commander/node_modules/graceful-readlink
405 verbose about to build /usr/lib/node_modules/express-generator/node_modules/commander
406 info build /usr/lib/node_modules/express-generator/node_modules/commander
407 silly gentlyRm /usr/lib/node_modules/express-generator/node_modules/mkdirp/node_modules/minimist is being purged from base /usr
408 verbose gentlyRm don't care about contents; nuking /usr/lib/node_modules/express-generator/node_modules/mkdirp/node_modules/minimist
409 verbose tar unpack /home/fernando/.npm/minimist/0.0.8/package.tgz
410 verbose tar unpacking to /usr/lib/node_modules/express-generator/node_modules/mkdirp/node_modules/minimist
411 silly gentlyRm /usr/lib/node_modules/express-generator/node_modules/mkdirp/node_modules/minimist is being purged
412 verbose gentlyRm don't care about contents; nuking /usr/lib/node_modules/express-generator/node_modules/mkdirp/node_modules/minimist
413 silly gunzTarPerm modes [ '755', '644' ]
414 info linkStuff commander@2.7.1
415 silly linkStuff commander@2.7.1 has /usr/lib/node_modules/express-generator/node_modules as its parent node_modules
416 silly linkStuff commander@2.7.1 is part of a global install
417 silly linkStuff commander@2.7.1 is installed into a global node_modules
418 verbose linkBins commander@2.7.1
419 verbose linkMans commander@2.7.1
420 verbose rebuildBundles commander@2.7.1
421 verbose rebuildBundles [ 'graceful-readlink' ]
422 info install commander@2.7.1
423 silly gunzTarPerm extractEntry package.json
424 info postinstall commander@2.7.1
425 silly gunzTarPerm extractEntry LICENSE
426 silly gunzTarPerm extractEntry index.js
427 verbose unlock done using /home/fernando/.npm/_locks/commander-bf4a568b9f2ce19b.lock for /usr/lib/node_modules/express-generator/node_modules/commander
428 silly gunzTarPerm extractEntry .travis.yml
429 silly gunzTarPerm extractEntry example/parse.js
430 silly gunzTarPerm extractEntry readme.markdown
431 silly gunzTarPerm extractEntry test/dash.js
432 silly gunzTarPerm extractEntry test/default_bool.js
433 silly gunzTarPerm extractEntry test/dotted.js
434 silly gunzTarPerm extractEntry test/long.js
435 silly gunzTarPerm extractEntry test/parse.js
436 silly gunzTarPerm extractEntry test/parse_modified.js
437 silly gunzTarPerm extractEntry test/short.js
438 silly gunzTarPerm extractEntry test/whitespace.js
439 verbose write writing to /usr/lib/node_modules/express-generator/node_modules/mkdirp/node_modules/minimist/package.json
440 info preinstall minimist@0.0.8
441 verbose readDependencies loading dependencies from /usr/lib/node_modules/express-generator/node_modules/mkdirp/node_modules/minimist/package.json
442 verbose readDependencies loading dependencies from /usr/lib/node_modules/express-generator/node_modules/mkdirp/node_modules/minimist/package.json
443 silly install resolved []
444 verbose about to build /usr/lib/node_modules/express-generator/node_modules/mkdirp/node_modules/minimist
445 info build /usr/lib/node_modules/express-generator/node_modules/mkdirp/node_modules/minimist
446 info linkStuff minimist@0.0.8
447 silly linkStuff minimist@0.0.8 has /usr/lib/node_modules/express-generator/node_modules/mkdirp/node_modules as its parent node_modules
448 silly linkStuff minimist@0.0.8 is part of a global install
449 silly linkStuff minimist@0.0.8 is installed into a global node_modules
450 verbose linkBins minimist@0.0.8
451 verbose linkMans minimist@0.0.8
452 verbose rebuildBundles minimist@0.0.8
453 info install minimist@0.0.8
454 info postinstall minimist@0.0.8
455 verbose unlock done using /home/fernando/.npm/_locks/minimist-f7a5eb4317610544.lock for /usr/lib/node_modules/express-generator/node_modules/mkdirp/node_modules/minimist
456 verbose about to build /usr/lib/node_modules/express-generator/node_modules/mkdirp
457 info build /usr/lib/node_modules/express-generator/node_modules/mkdirp
458 info linkStuff mkdirp@0.5.1
459 silly linkStuff mkdirp@0.5.1 has /usr/lib/node_modules/express-generator/node_modules as its parent node_modules
460 silly linkStuff mkdirp@0.5.1 is part of a global install
461 silly linkStuff mkdirp@0.5.1 is installed into a global node_modules
462 verbose linkBins mkdirp@0.5.1
463 verbose link bins [ { mkdirp: 'bin/cmd.js' },
463 verbose link bins   '/usr/lib/node_modules/express-generator/node_modules/.bin',
463 verbose link bins   false ]
464 verbose linkMans mkdirp@0.5.1
465 verbose rebuildBundles mkdirp@0.5.1
466 verbose rebuildBundles [ 'minimist' ]
467 silly gentlyRm /usr/lib/node_modules/express-generator/node_modules/.bin/mkdirp is being purged
468 verbose gentlyRm don't care about contents; nuking /usr/lib/node_modules/express-generator/node_modules/.bin/mkdirp
469 info install mkdirp@0.5.1
470 info postinstall mkdirp@0.5.1
471 verbose unlock done using /home/fernando/.npm/_locks/mkdirp-397033f991947041.lock for /usr/lib/node_modules/express-generator/node_modules/mkdirp
472 verbose about to build /usr/lib/node_modules/express-generator
473 info build /usr/lib/node_modules/express-generator
474 info linkStuff express-generator@4.13.4
475 silly linkStuff express-generator@4.13.4 has /usr/lib/node_modules as its parent node_modules
476 silly linkStuff express-generator@4.13.4 is part of a global install
477 silly linkStuff express-generator@4.13.4 is installed into a global node_modules
478 silly linkStuff express-generator@4.13.4 is installed into the top-level global node_modules
479 verbose linkBins express-generator@4.13.4
480 verbose link bins [ { express: './bin/express' }, '/usr/bin', true ]
481 verbose linkMans express-generator@4.13.4
482 verbose rebuildBundles express-generator@4.13.4
483 verbose rebuildBundles [ '.bin', 'commander', 'mkdirp', 'sorted-object' ]
484 silly gentlyRm /usr/bin/express is being gently removed
485 silly gentlyRm verifying /usr is an npm working directory
486 silly gentlyRm containing path /usr is under npm's control, in /usr
487 silly gentlyRm deletion target /usr/bin/express is under /usr
488 verbose gentlyRm vacuuming from /usr/bin/express up to /usr
489 silly vacuum-fs quitting because other entries in /usr/bin/express
490 verbose unlock done using /home/fernando/.npm/_locks/express-generator-981ece2c3651799f.lock for /usr/lib/node_modules/express-generator
491 verbose stack Error: EEXIST: file already exists, symlink '../lib/node_modules/express-generator/bin/express' -> '/usr/bin/express'
491 verbose stack     at Error (native)
492 verbose cwd /home/fernando/projetos/git/projetoTD/workspace
493 error Linux 3.13.0-91-generic
494 error argv "/usr/bin/nodejs" "/usr/bin/npm" "install" "express-generator" "-g"
495 error node v4.4.7
496 error npm  v2.15.8
497 error path ../lib/node_modules/express-generator/bin/express
498 error code EEXIST
499 error errno -17
500 error syscall symlink
501 error EEXIST: file already exists, symlink '../lib/node_modules/express-generator/bin/express' -> '/usr/bin/express'
File exists: ../lib/node_modules/express-generator/bin/express
Move it away, and try again.
502 verbose exit [ -17, true ]
503 verbose unbuild lib/node_modules/express-generator
504 info preuninstall express-generator@4.13.4
505 info uninstall express-generator@4.13.4
506 verbose unbuild rmStuff express-generator@4.13.4 from /usr/lib/node_modules
507 silly gentlyRm /usr/bin/express is being gently removed
508 silly gentlyRm verifying /usr is an npm working directory
509 silly gentlyRm containing path /usr is under npm's control, in /usr
510 silly gentlyRm deletion target /usr/bin/express is under /usr
511 verbose gentlyRm vacuuming from /usr/bin/express up to /usr
512 silly vacuum-fs quitting because other entries in /usr/bin/express
513 info postuninstall express-generator@4.13.4
514 silly gentlyRm /usr/lib/node_modules/express-generator is being purged from base /usr
515 verbose gentlyRm don't care about contents; nuking /usr/lib/node_modules/express-generator
516 silly vacuum-fs purging /usr/lib/node_modules/express-generator
517 silly vacuum-fs quitting because other entries in /usr/lib/node_modules
